<?xml version="1.0" encoding="UTF-8"?>
<!-- Generated by org.testng.reporters.JUnitReportReporter -->
<testsuite hostname="LAPTOP-ASFA9OCO" failures="0" tests="5" name="TestPackageTestNg.BussinessLoan" time="0.007" errors="0" timestamp="2021-08-19T16:20:34 IST" skipped="0">
  <testcase classname="TestPackageTestNg.BussinessLoan" name="method2" time="0.002"/>
  <system-out/>
  <testcase classname="TestPackageTestNg.BussinessLoan" name="method1" time="0.001"/>
  <system-out/>
  <testcase classname="TestPackageTestNg.BussinessLoan" name="method2" time="0.001"/>
  <system-out/>
  <testcase classname="TestPackageTestNg.BussinessLoan" name="method3" time="0.002"/>
  <system-out/>
  <testcase classname="TestPackageTestNg.BussinessLoan" name="method2" time="0.001"/>
  <system-out/>
</testsuite> <!-- TestPackageTestNg.BussinessLoan -->
