<?xml version="1.0" encoding="UTF-8"?>
<!-- Generated by org.testng.reporters.JUnitReportReporter -->
<testsuite hostname="LAPTOP-ASFA9OCO" failures="0" tests="5" name="TestPackageTestNg.PersonalLoan" time="0.019" errors="0" timestamp="2021-09-25T00:47:43 IST" skipped="0">
  <testcase classname="TestPackageTestNg.PersonalLoan" name="method3" time="0.001"/>
  <system-out/>
  <testcase classname="TestPackageTestNg.PersonalLoan" name="method3" time="0.003"/>
  <system-out/>
  <testcase classname="TestPackageTestNg.PersonalLoan" name="method1" time="0.011"/>
  <system-out/>
  <testcase classname="TestPackageTestNg.PersonalLoan" name="method2" time="0.003"/>
  <system-out/>
  <testcase classname="TestPackageTestNg.PersonalLoan" name="method3" time="0.001"/>
  <system-out/>
</testsuite> <!-- TestPackageTestNg.PersonalLoan -->
